<?xml version="1.0" encoding="UTF-8"?>
<!-- Generated by org.testng.reporters.JUnitReportReporter -->
<testsuite hostname="DESKTOP-KQHO31F" failures="0" tests="1" name="Assertions.A_195_Launch_Google" time="17.368" errors="0" timestamp="2024-09-10T14:26:03 IST" skipped="0">
  <testcase classname="Assertions.A_195_Launch_Google" name="testcase1" time="17.368"/>
  <system-out/>
</testsuite> <!-- Assertions.A_195_Launch_Google -->
