<?xml version="1.0" encoding="UTF-8"?>
<!-- Generated by org.testng.reporters.JUnitReportReporter -->
<testsuite hostname="DESKTOP-KQHO31F" failures="0" tests="1" name="FlightBookingTest.TestCaseFlightDetailsBaggage_10" time="44.279" errors="0" timestamp="2024-09-05T20:24:04 IST" skipped="0">
  <testcase classname="FlightBookingTest.TestCaseFlightDetailsBaggage_10" name="Baggagecancellation" time="44.279"/>
  <system-out/>
</testsuite> <!-- FlightBookingTest.TestCaseFlightDetailsBaggage_10 -->
