<?xml version="1.0" encoding="UTF-8"?>
<!-- Generated by org.testng.reporters.JUnitReportReporter -->
<testsuite hostname="DESKTOP-KQHO31F" failures="0" tests="1" name="Amazon_Test.TestCaseHome" time="23.367" errors="0" timestamp="2024-09-16T08:30:21 IST" skipped="0">
  <testcase classname="Amazon_Test.TestCaseHome" name="search_product" time="23.367"/>
  <system-out>
    <![CDATA[Testcase is pass]]>
  </system-out>
</testsuite> <!-- Amazon_Test.TestCaseHome -->
