<?xml version="1.0" encoding="UTF-8"?>
<!-- Generated by org.testng.reporters.JUnitReportReporter -->
<testsuite hostname="DESKTOP-KQHO31F" failures="0" tests="1" name="Amazon_Test.TestCasesearch_5" time="15.114" errors="0" timestamp="2024-09-16T08:30:21 IST" skipped="0">
  <testcase classname="Amazon_Test.TestCasesearch_5" name="searchresults" time="15.114"/>
  <system-out>
    <![CDATA[Testcase is pass]]>
  </system-out>
</testsuite> <!-- Amazon_Test.TestCasesearch_5 -->
