<?xml version="1.0" encoding="UTF-8"?>
<!-- Generated by org.testng.reporters.JUnitReportReporter -->
<testsuite hostname="DESKTOP-KQHO31F" failures="0" tests="1" name="Broken_Links.GroTechMinds_Brokenlinks" time="131.222" errors="0" timestamp="2024-09-10T14:21:52 IST" skipped="0">
  <testcase classname="Broken_Links.GroTechMinds_Brokenlinks" name="brokenlinks" time="131.222"/>
  <system-out/>
</testsuite> <!-- Broken_Links.GroTechMinds_Brokenlinks -->
