<?xml version="1.0" encoding="UTF-8"?>
<!-- Generated by org.testng.reporters.JUnitReportReporter -->
<testsuite hostname="DESKTOP-KQHO31F" failures="0" tests="1" name="FlightBookingTest.TestCase_flightdetails_8" time="62.358" errors="0" timestamp="2024-09-04T21:23:05 IST" skipped="0">
  <testcase classname="FlightBookingTest.TestCase_flightdetails_8" name="search_flight" time="62.358"/>
  <system-out/>
</testsuite> <!-- FlightBookingTest.TestCase_flightdetails_8 -->
