<?xml version="1.0" encoding="UTF-8"?>
<!-- Generated by org.testng.reporters.JUnitReportReporter -->
<testsuite hostname="DESKTOP-KQHO31F" failures="0" tests="2" name="dependsOnMethod_SkipTC.dependsOnMethod" time="0.030" errors="0" timestamp="2024-09-11T21:44:20 IST" skipped="0">
  <testcase classname="dependsOnMethod_SkipTC.dependsOnMethod" name="login" time="0.028"/>
  <system-out/>
  <testcase classname="dependsOnMethod_SkipTC.dependsOnMethod" name="logout" time="0.002"/>
  <system-out/>
</testsuite> <!-- dependsOnMethod_SkipTC.dependsOnMethod -->
