<?xml version="1.0" encoding="UTF-8"?>
<!-- Generated by org.testng.reporters.JUnitReportReporter -->
<testsuite hostname="DESKTOP-KQHO31F" failures="0" tests="3" name="testngbasics.Crossbrowserpractice" time="58.022" errors="0" timestamp="2024-09-06T17:04:52 IST" skipped="0">
  <testcase classname="testngbasics.Crossbrowserpractice" name="testcase" time="8.000"/>
  <system-out/>
  <testcase classname="testngbasics.Crossbrowserpractice" name="testcase" time="11.949"/>
  <system-out/>
  <testcase classname="testngbasics.Crossbrowserpractice" name="testcase" time="38.073"/>
  <system-out/>
</testsuite> <!-- testngbasics.Crossbrowserpractice -->
