<?xml version="1.0" encoding="UTF-8"?>
<!-- Generated by org.testng.reporters.JUnitReportReporter -->
<testsuite hostname="DESKTOP-KQHO31F" failures="0" tests="1" name="FlightBookingTest.TestCaseApplyCoupon_13" time="97.649" errors="0" timestamp="2024-09-04T17:49:36 IST" skipped="0">
  <testcase classname="FlightBookingTest.TestCaseApplyCoupon_13" name="search_flight" time="97.649"/>
  <system-out/>
</testsuite> <!-- FlightBookingTest.TestCaseApplyCoupon_13 -->
