<?xml version="1.0" encoding="UTF-8"?>
<!-- Generated by org.testng.reporters.JUnitReportReporter -->
<testsuite hostname="DESKTOP-KQHO31F" failures="0" tests="1" name="testngbasics.A_183_1Test_AllAnnotations" time="0.024" errors="0" timestamp="2024-09-10T15:22:06 IST" skipped="0">
  <testcase classname="testngbasics.A_183_1Test_AllAnnotations" name="test_case" time="0.024"/>
  <system-out/>
</testsuite> <!-- testngbasics.A_183_1Test_AllAnnotations -->
