<?xml version="1.0" encoding="UTF-8"?>
<!-- Generated by org.testng.reporters.JUnitReportReporter -->
<testsuite hostname="DESKTOP-KQHO31F" failures="0" tests="1" name="FlightBookingTest.TestCaseSearchFlight_4" time="49.742" errors="0" timestamp="2024-09-02T19:59:38 IST" skipped="0">
  <testcase classname="FlightBookingTest.TestCaseSearchFlight_4" name="search_flight" time="49.742"/>
  <system-out/>
</testsuite> <!-- FlightBookingTest.TestCaseSearchFlight_4 -->
